c:\doproject1\textsearchcompt\textsearchcompt\debug\textsearchcompt.pch
c:\doproject1\textsearchcompt\textsearchcompt\debug\vc120.pdb
c:\doproject1\textsearchcompt\textsearchcompt\debug\vc120.idb
c:\doproject1\textsearchcompt\textsearchcompt\debug\stdafx.obj
c:\doproject1\textsearchcompt\textsearchcompt\debug\cpp11-blockingqueue.obj
c:\doproject1\textsearchcompt\textsearchcompt\debug\filemger.obj
c:\doproject1\textsearchcompt\textsearchcompt\debug\filesystem.obj
c:\doproject1\textsearchcompt\textsearchcompt\debug\search.obj
c:\doproject1\textsearchcompt\textsearchcompt\debug\textsearch.obj
c:\doproject1\textsearchcompt\textsearchcompt\debug\textsearchcompt.obj
c:\doproject1\textsearchcompt\textsearchcompt\debug\dllmain.obj
c:\doproject1\textsearchcompt\textsearchcompt\debug\textsearchcompt_i.obj
c:\doproject1\textsearchcompt\textsearchcompt\debug\xdlldata.obj
c:\doproject1\textsearchcompt\textsearchcompt\debug\textsearchcompt.ilk
c:\doproject1\textsearchcompt\textsearchcompt\debug\textsearchcompt.dll
c:\doproject1\textsearchcompt\textsearchcompt\debug\textsearchcompt.pdb
c:\doproject1\textsearchcompt\textsearchcompt\debug\textsearchcompt.tlb
c:\doproject1\textsearchcompt\textsearchcompt\textsearchcompt_p.c
c:\doproject1\textsearchcompt\textsearchcompt\textsearchcompt_i.c
c:\doproject1\textsearchcompt\textsearchcompt\textsearchcompt_i.h
c:\doproject1\textsearchcompt\textsearchcompt\debug\textsearchcompt.res
c:\doproject1\textsearchcompt\textsearchcompt\debug\textsearchcompt.lib
c:\doproject1\textsearchcompt\textsearchcompt\debug\textsearchcompt.exp
c:\doproject1\textsearchcompt\textsearchcompt\debug\textsearchcompt.tlog\cl.command.1.tlog
c:\doproject1\textsearchcompt\textsearchcompt\debug\textsearchcompt.tlog\cl.read.1.tlog
c:\doproject1\textsearchcompt\textsearchcompt\debug\textsearchcompt.tlog\cl.write.1.tlog
c:\doproject1\textsearchcompt\textsearchcompt\debug\textsearchcompt.tlog\link.command.1.tlog
c:\doproject1\textsearchcompt\textsearchcompt\debug\textsearchcompt.tlog\link.read.1.tlog
c:\doproject1\textsearchcompt\textsearchcompt\debug\textsearchcompt.tlog\link.write.1.tlog
c:\doproject1\textsearchcompt\textsearchcompt\debug\textsearchcompt.tlog\midl.command.1.tlog
c:\doproject1\textsearchcompt\textsearchcompt\debug\textsearchcompt.tlog\midl.read.1.tlog
c:\doproject1\textsearchcompt\textsearchcompt\debug\textsearchcompt.tlog\midl.write.1.tlog
c:\doproject1\textsearchcompt\textsearchcompt\debug\textsearchcompt.tlog\rc.command.1.tlog
c:\doproject1\textsearchcompt\textsearchcompt\debug\textsearchcompt.tlog\rc.read.1.tlog
c:\doproject1\textsearchcompt\textsearchcompt\debug\textsearchcompt.tlog\rc.write.1.tlog
c:\doproject1\textsearchcompt\textsearchcompt\debug\textsearchcompt.tlog\textsearchcompt.write.1u.tlog
